{"timestamp":"2026-04-11 12:32:38","level":"info","message":"Booking cancelled","service":"djtrip-api","bookingId":"69da3126e2c4842bc6418edd","touristId":"69ab6710f3c2a4172e14a6f0","refundAmount":4696.5,"refundPercent":25,"environment":"development"}
{"timestamp":"2026-04-15 11:17:32","level":"info","message":"Adding FCM token for user 69dd0c90823fddb0e56300d1, device android_TP1A.220624.014_1776245400776","service":"djtrip-api","environment":"development"}
{"timestamp":"2026-04-15 11:17:33","level":"info","message":"Updated existing FCM token for user 69dd0c90823fddb0e56300d1, device android_TP1A.220624.014_1776245400776","service":"djtrip-api","environment":"development"}
{"timestamp":"2026-04-15 11:18:08","level":"info","message":"Adding FCM token for user 69dd0c90823fddb0e56300d1, device android_TP1A.220624.014_1776245400776","service":"djtrip-api","environment":"development"}
{"timestamp":"2026-04-15 11:18:08","level":"info","message":"Updated existing FCM token for user 69dd0c90823fddb0e56300d1, device android_TP1A.220624.014_1776245400776","service":"djtrip-api","environment":"development"}
{"timestamp":"2026-04-15 11:25:03","level":"info","message":"Adding FCM token for user 69dd0c90823fddb0e56300d1, device android_TP1A.220624.014_1776245400776","service":"djtrip-api","environment":"development"}
{"timestamp":"2026-04-15 11:25:03","level":"info","message":"Updated existing FCM token for user 69dd0c90823fddb0e56300d1, device android_TP1A.220624.014_1776245400776","service":"djtrip-api","environment":"development"}
{"timestamp":"2026-04-15 11:39:25","level":"info","message":"Adding FCM token for user 69dd0c90823fddb0e56300d1, device android_TP1A.220624.014_1776245400776","service":"djtrip-api","environment":"development"}
{"timestamp":"2026-04-15 11:39:25","level":"info","message":"Updated existing FCM token for user 69dd0c90823fddb0e56300d1, device android_TP1A.220624.014_1776245400776","service":"djtrip-api","environment":"development"}
{"timestamp":"2026-04-15 11:43:32","level":"info","message":"Adding FCM token for user 69dd0c90823fddb0e56300d1, device android_TP1A.220624.014_1776245400776","service":"djtrip-api","environment":"development"}
{"timestamp":"2026-04-15 11:43:33","level":"info","message":"Updated existing FCM token for user 69dd0c90823fddb0e56300d1, device android_TP1A.220624.014_1776245400776","service":"djtrip-api","environment":"development"}
{"timestamp":"2026-04-15 11:47:40","level":"info","message":"Adding FCM token for user 69dd0c90823fddb0e56300d1, device android_TP1A.220624.014_1776245400776","service":"djtrip-api","environment":"development"}
{"timestamp":"2026-04-15 11:47:40","level":"info","message":"Updated existing FCM token for user 69dd0c90823fddb0e56300d1, device android_TP1A.220624.014_1776245400776","service":"djtrip-api","environment":"development"}
{"timestamp":"2026-04-15 11:52:13","level":"info","message":"Adding FCM token for user 69dd0c90823fddb0e56300d1, device android_TP1A.220624.014_1776245400776","service":"djtrip-api","environment":"development"}
{"timestamp":"2026-04-15 11:52:13","level":"info","message":"Updated existing FCM token for user 69dd0c90823fddb0e56300d1, device android_TP1A.220624.014_1776245400776","service":"djtrip-api","environment":"development"}
{"timestamp":"2026-04-15 12:29:49","level":"info","message":"Adding FCM token for user 69dd0c90823fddb0e56300d1, device android_TP1A.220624.014_1776245400776","service":"djtrip-api","environment":"development"}
{"timestamp":"2026-04-15 12:29:49","level":"info","message":"Updated existing FCM token for user 69dd0c90823fddb0e56300d1, device android_TP1A.220624.014_1776245400776","service":"djtrip-api","environment":"development"}
{"timestamp":"2026-04-15 12:41:21","level":"info","message":"Found 0 active tokens for user 69ab6710f3c2a4172e14a6f0","service":"djtrip-api","environment":"development"}
{"timestamp":"2026-04-15 12:41:21","level":"info","message":"Found 0 active tokens for user 69ab6710f3c2a4172e14a6f0","service":"djtrip-api","environment":"development"}
{"timestamp":"2026-04-15 12:57:48","level":"info","message":"Found 0 active tokens for user 69ab6710f3c2a4172e14a6f0","service":"djtrip-api","environment":"development"}
{"timestamp":"2026-04-15 12:57:48","level":"info","message":"Found 0 active tokens for user 69ab6710f3c2a4172e14a6f0","service":"djtrip-api","environment":"development"}
{"timestamp":"2026-04-15 13:01:31","level":"info","message":"Adding FCM token for user 69ab6710f3c2a4172e14a6f0, device android_TP1A.220624.014_1776245400776","service":"djtrip-api","environment":"development"}
{"timestamp":"2026-04-15 13:01:31","level":"info","message":"Deactivated device android_TP1A.220624.014_1776245400776 for 1 other users","service":"djtrip-api","environment":"development"}
{"timestamp":"2026-04-15 13:01:31","level":"info","message":"Added new FCM token for user 69ab6710f3c2a4172e14a6f0, device android_TP1A.220624.014_1776245400776","service":"djtrip-api","environment":"development"}
{"timestamp":"2026-04-15 13:01:31","level":"info","message":"Found 1 active tokens for user 69ab6710f3c2a4172e14a6f0","service":"djtrip-api","environment":"development"}
{"timestamp":"2026-04-15 13:01:48","level":"info","message":"Adding FCM token for user 69ab6710f3c2a4172e14a6f0, device android_TP1A.220624.014_1776245400776","service":"djtrip-api","environment":"development"}
{"timestamp":"2026-04-15 13:01:48","level":"info","message":"Adding FCM token for user 69ab6710f3c2a4172e14a6f0, device android_TP1A.220624.014_1776245400776","service":"djtrip-api","environment":"development"}
{"timestamp":"2026-04-15 13:01:49","level":"info","message":"Updated existing FCM token for user 69ab6710f3c2a4172e14a6f0, device android_TP1A.220624.014_1776245400776","service":"djtrip-api","environment":"development"}
{"timestamp":"2026-04-15 13:01:49","level":"info","message":"Updated existing FCM token for user 69ab6710f3c2a4172e14a6f0, device android_TP1A.220624.014_1776245400776","service":"djtrip-api","environment":"development"}
{"timestamp":"2026-04-15 13:01:49","level":"info","message":"Found 1 active tokens for user 69ab6710f3c2a4172e14a6f0","service":"djtrip-api","environment":"development"}
{"timestamp":"2026-04-15 13:01:49","level":"info","message":"Found 1 active tokens for user 69ab6710f3c2a4172e14a6f0","service":"djtrip-api","environment":"development"}
{"timestamp":"2026-04-15 13:01:49","level":"info","message":"Adding FCM token for user 69ab6710f3c2a4172e14a6f0, device android_TP1A.220624.014_1776245400776","service":"djtrip-api","environment":"development"}
{"timestamp":"2026-04-15 13:01:50","level":"info","message":"Updated existing FCM token for user 69ab6710f3c2a4172e14a6f0, device android_TP1A.220624.014_1776245400776","service":"djtrip-api","environment":"development"}
{"timestamp":"2026-04-15 13:01:50","level":"info","message":"Found 1 active tokens for user 69ab6710f3c2a4172e14a6f0","service":"djtrip-api","environment":"development"}
{"timestamp":"2026-04-15 15:44:12","level":"info","message":"Adding FCM token for user 69dd0c90823fddb0e56300d1, device android_BE2A.250530.026.D1_1776101136285","service":"djtrip-api","environment":"development"}
{"timestamp":"2026-04-15 15:44:12","level":"info","message":"Updated existing FCM token for user 69dd0c90823fddb0e56300d1, device android_BE2A.250530.026.D1_1776101136285","service":"djtrip-api","environment":"development"}
{"timestamp":"2026-04-15 15:51:30","level":"info","message":"Adding FCM token for user 69dd0c90823fddb0e56300d1, device android_BE2A.250530.026.D1_1776101136285","service":"djtrip-api","environment":"development"}
{"timestamp":"2026-04-15 15:51:31","level":"info","message":"Updated existing FCM token for user 69dd0c90823fddb0e56300d1, device android_BE2A.250530.026.D1_1776101136285","service":"djtrip-api","environment":"development"}
{"timestamp":"2026-04-15 15:55:18","level":"info","message":"Adding FCM token for user 69dd0c90823fddb0e56300d1, device android_BE2A.250530.026.D1_1776101136285","service":"djtrip-api","environment":"development"}
{"timestamp":"2026-04-15 15:55:18","level":"info","message":"Updated existing FCM token for user 69dd0c90823fddb0e56300d1, device android_BE2A.250530.026.D1_1776101136285","service":"djtrip-api","environment":"development"}
{"timestamp":"2026-04-15 16:02:46","level":"info","message":"Adding FCM token for user 69dd0c90823fddb0e56300d1, device android_BE2A.250530.026.D1_1776101136285","service":"djtrip-api","environment":"development"}
{"timestamp":"2026-04-15 16:02:46","level":"info","message":"Updated existing FCM token for user 69dd0c90823fddb0e56300d1, device android_BE2A.250530.026.D1_1776101136285","service":"djtrip-api","environment":"development"}
{"timestamp":"2026-04-15 16:03:58","level":"info","message":"Adding FCM token for user 69dd0c90823fddb0e56300d1, device android_BE2A.250530.026.D1_1776101136285","service":"djtrip-api","environment":"development"}
{"timestamp":"2026-04-15 16:03:58","level":"info","message":"Updated existing FCM token for user 69dd0c90823fddb0e56300d1, device android_BE2A.250530.026.D1_1776101136285","service":"djtrip-api","environment":"development"}
{"timestamp":"2026-04-15 16:07:25","level":"info","message":"Adding FCM token for user 69dd0c90823fddb0e56300d1, device android_BE2A.250530.026.D1_1776101136285","service":"djtrip-api","environment":"development"}
{"timestamp":"2026-04-15 16:07:25","level":"info","message":"Updated existing FCM token for user 69dd0c90823fddb0e56300d1, device android_BE2A.250530.026.D1_1776101136285","service":"djtrip-api","environment":"development"}
{"timestamp":"2026-04-15 16:10:42","level":"info","message":"Adding FCM token for user 69dd0c90823fddb0e56300d1, device android_BE2A.250530.026.D1_1776101136285","service":"djtrip-api","environment":"development"}
{"timestamp":"2026-04-15 16:10:42","level":"info","message":"Updated existing FCM token for user 69dd0c90823fddb0e56300d1, device android_BE2A.250530.026.D1_1776101136285","service":"djtrip-api","environment":"development"}
{"timestamp":"2026-04-15 16:18:04","level":"info","message":"Adding FCM token for user 69dd0c90823fddb0e56300d1, device android_BE2A.250530.026.D1_1776101136285","service":"djtrip-api","environment":"development"}
{"timestamp":"2026-04-15 16:18:04","level":"info","message":"Updated existing FCM token for user 69dd0c90823fddb0e56300d1, device android_BE2A.250530.026.D1_1776101136285","service":"djtrip-api","environment":"development"}
{"timestamp":"2026-04-15 16:24:59","level":"info","message":"Found 1 active tokens for user 69ab6710f3c2a4172e14a6f0","service":"djtrip-api","environment":"development"}
{"timestamp":"2026-04-15 16:25:00","level":"info","message":"Found 1 active tokens for user 69ab6710f3c2a4172e14a6f0","service":"djtrip-api","environment":"development"}
{"timestamp":"2026-04-15 16:36:14","level":"info","message":"Adding FCM token for user 69dd0c90823fddb0e56300d1, device android_BE2A.250530.026.D1_1776101136285","service":"djtrip-api","environment":"development"}
{"timestamp":"2026-04-15 16:36:14","level":"info","message":"Updated existing FCM token for user 69dd0c90823fddb0e56300d1, device android_BE2A.250530.026.D1_1776101136285","service":"djtrip-api","environment":"development"}
{"timestamp":"2026-04-15 16:36:57","level":"info","message":"Found 1 active tokens for user 69ab6710f3c2a4172e14a6f0","service":"djtrip-api","environment":"development"}
{"timestamp":"2026-04-15 16:36:58","level":"info","message":"Found 1 active tokens for user 69ab6710f3c2a4172e14a6f0","service":"djtrip-api","environment":"development"}
{"timestamp":"2026-04-15 16:40:15","level":"info","message":"Adding FCM token for user 69dd0c90823fddb0e56300d1, device android_BE2A.250530.026.D1_1776101136285","service":"djtrip-api","environment":"development"}
{"timestamp":"2026-04-15 16:40:16","level":"info","message":"Updated existing FCM token for user 69dd0c90823fddb0e56300d1, device android_BE2A.250530.026.D1_1776101136285","service":"djtrip-api","environment":"development"}
{"timestamp":"2026-04-15 16:41:39","level":"info","message":"Found 1 active tokens for user 69ab6710f3c2a4172e14a6f0","service":"djtrip-api","environment":"development"}
{"timestamp":"2026-04-15 16:41:40","level":"info","message":"Found 1 active tokens for user 69ab6710f3c2a4172e14a6f0","service":"djtrip-api","environment":"development"}
{"timestamp":"2026-04-15 16:42:57","level":"info","message":"Adding FCM token for user 69dd0c90823fddb0e56300d1, device android_BE2A.250530.026.D1_1776101136285","service":"djtrip-api","environment":"development"}
{"timestamp":"2026-04-15 16:42:57","level":"info","message":"Updated existing FCM token for user 69dd0c90823fddb0e56300d1, device android_BE2A.250530.026.D1_1776101136285","service":"djtrip-api","environment":"development"}
{"timestamp":"2026-04-15 16:45:15","level":"info","message":"Adding FCM token for user 69dd0c90823fddb0e56300d1, device android_BE2A.250530.026.D1_1776101136285","service":"djtrip-api","environment":"development"}
{"timestamp":"2026-04-15 16:45:15","level":"info","message":"Updated existing FCM token for user 69dd0c90823fddb0e56300d1, device android_BE2A.250530.026.D1_1776101136285","service":"djtrip-api","environment":"development"}
{"timestamp":"2026-04-15 16:48:50","level":"info","message":"Adding FCM token for user 69dd0c90823fddb0e56300d1, device android_BE2A.250530.026.D1_1776101136285","service":"djtrip-api","environment":"development"}
{"timestamp":"2026-04-15 16:48:50","level":"info","message":"Updated existing FCM token for user 69dd0c90823fddb0e56300d1, device android_BE2A.250530.026.D1_1776101136285","service":"djtrip-api","environment":"development"}
{"timestamp":"2026-04-15 16:52:16","level":"info","message":"Adding FCM token for user 69dd0c90823fddb0e56300d1, device android_BE2A.250530.026.D1_1776101136285","service":"djtrip-api","environment":"development"}
{"timestamp":"2026-04-15 16:52:16","level":"info","message":"Updated existing FCM token for user 69dd0c90823fddb0e56300d1, device android_BE2A.250530.026.D1_1776101136285","service":"djtrip-api","environment":"development"}
{"timestamp":"2026-04-15 16:53:10","level":"info","message":"Found 1 active tokens for user 69ab6710f3c2a4172e14a6f0","service":"djtrip-api","environment":"development"}
{"timestamp":"2026-04-15 16:53:11","level":"info","message":"Found 1 active tokens for user 69ab6710f3c2a4172e14a6f0","service":"djtrip-api","environment":"development"}
{"timestamp":"2026-04-15 16:55:03","level":"info","message":"Adding FCM token for user 69dd0c90823fddb0e56300d1, device android_BE2A.250530.026.D1_1776101136285","service":"djtrip-api","environment":"development"}
{"timestamp":"2026-04-15 16:55:04","level":"info","message":"Updated existing FCM token for user 69dd0c90823fddb0e56300d1, device android_BE2A.250530.026.D1_1776101136285","service":"djtrip-api","environment":"development"}
{"timestamp":"2026-04-15 16:56:56","level":"info","message":"Adding FCM token for user 69dd0c90823fddb0e56300d1, device android_BE2A.250530.026.D1_1776101136285","service":"djtrip-api","environment":"development"}
{"timestamp":"2026-04-15 16:56:56","level":"info","message":"Updated existing FCM token for user 69dd0c90823fddb0e56300d1, device android_BE2A.250530.026.D1_1776101136285","service":"djtrip-api","environment":"development"}
{"timestamp":"2026-04-15 17:07:51","level":"info","message":"Adding FCM token for user 69dd0c90823fddb0e56300d1, device android_BE2A.250530.026.D1_1776101136285","service":"djtrip-api","environment":"development"}
{"timestamp":"2026-04-15 17:07:51","level":"info","message":"Updated existing FCM token for user 69dd0c90823fddb0e56300d1, device android_BE2A.250530.026.D1_1776101136285","service":"djtrip-api","environment":"development"}
{"timestamp":"2026-04-15 17:12:42","level":"info","message":"Adding FCM token for user 69dd0c90823fddb0e56300d1, device android_BE2A.250530.026.D1_1776101136285","service":"djtrip-api","environment":"development"}
{"timestamp":"2026-04-15 17:12:42","level":"info","message":"Updated existing FCM token for user 69dd0c90823fddb0e56300d1, device android_BE2A.250530.026.D1_1776101136285","service":"djtrip-api","environment":"development"}
{"timestamp":"2026-04-15 17:13:32","level":"info","message":"Found 1 active tokens for user 69ab6710f3c2a4172e14a6f0","service":"djtrip-api","environment":"development"}
{"timestamp":"2026-04-15 17:13:33","level":"info","message":"Found 1 active tokens for user 69ab6710f3c2a4172e14a6f0","service":"djtrip-api","environment":"development"}
{"timestamp":"2026-04-15 17:13:54","level":"info","message":"Found 1 active tokens for user 69ab6710f3c2a4172e14a6f0","service":"djtrip-api","environment":"development"}
{"timestamp":"2026-04-15 17:13:55","level":"info","message":"Found 1 active tokens for user 69ab6710f3c2a4172e14a6f0","service":"djtrip-api","environment":"development"}
{"timestamp":"2026-04-15 17:26:53","level":"info","message":"Adding FCM token for user 69dd0c90823fddb0e56300d1, device android_BE2A.250530.026.D1_1776101136285","service":"djtrip-api","environment":"development"}
{"timestamp":"2026-04-15 17:26:53","level":"info","message":"Updated existing FCM token for user 69dd0c90823fddb0e56300d1, device android_BE2A.250530.026.D1_1776101136285","service":"djtrip-api","environment":"development"}
{"timestamp":"2026-04-15 17:28:35","level":"info","message":"Adding FCM token for user 69dd0c90823fddb0e56300d1, device android_BE2A.250530.026.D1_1776101136285","service":"djtrip-api","environment":"development"}
{"timestamp":"2026-04-15 17:28:36","level":"info","message":"Updated existing FCM token for user 69dd0c90823fddb0e56300d1, device android_BE2A.250530.026.D1_1776101136285","service":"djtrip-api","environment":"development"}
{"timestamp":"2026-04-15 17:29:28","level":"info","message":"Found 1 active tokens for user 69ab6710f3c2a4172e14a6f0","service":"djtrip-api","environment":"development"}
{"timestamp":"2026-04-15 17:29:29","level":"info","message":"Found 1 active tokens for user 69ab6710f3c2a4172e14a6f0","service":"djtrip-api","environment":"development"}
{"timestamp":"2026-04-15 17:31:29","level":"info","message":"Adding FCM token for user 69dd0c90823fddb0e56300d1, device android_BE2A.250530.026.D1_1776101136285","service":"djtrip-api","environment":"development"}
{"timestamp":"2026-04-15 17:31:29","level":"info","message":"Updated existing FCM token for user 69dd0c90823fddb0e56300d1, device android_BE2A.250530.026.D1_1776101136285","service":"djtrip-api","environment":"development"}
{"timestamp":"2026-04-15 17:32:55","level":"info","message":"Found 1 active tokens for user 69ab6710f3c2a4172e14a6f0","service":"djtrip-api","environment":"development"}
{"timestamp":"2026-04-15 17:32:55","level":"info","message":"Found 1 active tokens for user 69ab6710f3c2a4172e14a6f0","service":"djtrip-api","environment":"development"}
{"timestamp":"2026-04-15 17:36:15","level":"info","message":"Adding FCM token for user 69dd0c90823fddb0e56300d1, device android_BE2A.250530.026.D1_1776101136285","service":"djtrip-api","environment":"development"}
{"timestamp":"2026-04-15 17:36:15","level":"info","message":"Updated existing FCM token for user 69dd0c90823fddb0e56300d1, device android_BE2A.250530.026.D1_1776101136285","service":"djtrip-api","environment":"development"}
{"timestamp":"2026-04-15 17:37:05","level":"info","message":"Found 1 active tokens for user 69ab6710f3c2a4172e14a6f0","service":"djtrip-api","environment":"development"}
{"timestamp":"2026-04-15 17:37:06","level":"info","message":"Found 1 active tokens for user 69ab6710f3c2a4172e14a6f0","service":"djtrip-api","environment":"development"}
{"timestamp":"2026-04-15 17:39:16","level":"info","message":"Adding FCM token for user 69dd0c90823fddb0e56300d1, device android_BE2A.250530.026.D1_1776101136285","service":"djtrip-api","environment":"development"}
{"timestamp":"2026-04-15 17:39:16","level":"info","message":"Updated existing FCM token for user 69dd0c90823fddb0e56300d1, device android_BE2A.250530.026.D1_1776101136285","service":"djtrip-api","environment":"development"}
{"timestamp":"2026-04-15 17:40:28","level":"info","message":"Found 1 active tokens for user 69ab6710f3c2a4172e14a6f0","service":"djtrip-api","environment":"development"}
{"timestamp":"2026-04-15 17:40:29","level":"info","message":"Found 1 active tokens for user 69ab6710f3c2a4172e14a6f0","service":"djtrip-api","environment":"development"}
{"timestamp":"2026-04-15 17:42:49","level":"info","message":"Adding FCM token for user 69dd0c90823fddb0e56300d1, device android_BE2A.250530.026.D1_1776101136285","service":"djtrip-api","environment":"development"}
{"timestamp":"2026-04-15 17:42:49","level":"info","message":"Updated existing FCM token for user 69dd0c90823fddb0e56300d1, device android_BE2A.250530.026.D1_1776101136285","service":"djtrip-api","environment":"development"}
{"timestamp":"2026-04-15 17:43:32","level":"info","message":"Found 1 active tokens for user 69ab6710f3c2a4172e14a6f0","service":"djtrip-api","environment":"development"}
{"timestamp":"2026-04-15 17:43:33","level":"info","message":"Found 1 active tokens for user 69ab6710f3c2a4172e14a6f0","service":"djtrip-api","environment":"development"}
{"timestamp":"2026-04-15 17:44:07","level":"info","message":"Found 1 active tokens for user 69ab6710f3c2a4172e14a6f0","service":"djtrip-api","environment":"development"}
{"timestamp":"2026-04-15 17:44:07","level":"info","message":"Found 1 active tokens for user 69ab6710f3c2a4172e14a6f0","service":"djtrip-api","environment":"development"}
{"timestamp":"2026-04-15 17:47:31","level":"info","message":"Adding FCM token for user 69dd0c90823fddb0e56300d1, device android_BE2A.250530.026.D1_1776101136285","service":"djtrip-api","environment":"development"}
{"timestamp":"2026-04-15 17:47:31","level":"info","message":"Updated existing FCM token for user 69dd0c90823fddb0e56300d1, device android_BE2A.250530.026.D1_1776101136285","service":"djtrip-api","environment":"development"}
{"timestamp":"2026-04-15 17:50:39","level":"info","message":"Found 1 active tokens for user 69ab6710f3c2a4172e14a6f0","service":"djtrip-api","environment":"development"}
{"timestamp":"2026-04-15 17:50:40","level":"info","message":"Found 1 active tokens for user 69ab6710f3c2a4172e14a6f0","service":"djtrip-api","environment":"development"}
{"timestamp":"2026-04-15 18:06:59","level":"info","message":"Adding FCM token for user 69dd0c90823fddb0e56300d1, device android_BE2A.250530.026.D1_1776101136285","service":"djtrip-api","environment":"development"}
{"timestamp":"2026-04-15 18:06:59","level":"info","message":"Updated existing FCM token for user 69dd0c90823fddb0e56300d1, device android_BE2A.250530.026.D1_1776101136285","service":"djtrip-api","environment":"development"}
{"timestamp":"2026-04-15 18:07:15","level":"info","message":"Adding FCM token for user 69dd0c90823fddb0e56300d1, device android_BE2A.250530.026.D1_1776101136285","service":"djtrip-api","environment":"development"}
{"timestamp":"2026-04-15 18:07:15","level":"info","message":"Updated existing FCM token for user 69dd0c90823fddb0e56300d1, device android_BE2A.250530.026.D1_1776101136285","service":"djtrip-api","environment":"development"}
{"timestamp":"2026-04-15 18:13:38","level":"info","message":"Adding FCM token for user 69dd0c90823fddb0e56300d1, device android_BE2A.250530.026.D1_1776101136285","service":"djtrip-api","environment":"development"}
{"timestamp":"2026-04-15 18:13:38","level":"info","message":"Updated existing FCM token for user 69dd0c90823fddb0e56300d1, device android_BE2A.250530.026.D1_1776101136285","service":"djtrip-api","environment":"development"}
{"timestamp":"2026-04-15 18:16:07","level":"info","message":"Adding FCM token for user 69dd0c90823fddb0e56300d1, device android_BE2A.250530.026.D1_1776101136285","service":"djtrip-api","environment":"development"}
{"timestamp":"2026-04-15 18:16:08","level":"info","message":"Updated existing FCM token for user 69dd0c90823fddb0e56300d1, device android_BE2A.250530.026.D1_1776101136285","service":"djtrip-api","environment":"development"}
{"timestamp":"2026-04-15 18:18:05","level":"info","message":"Found 1 active tokens for user 69ab6710f3c2a4172e14a6f0","service":"djtrip-api","environment":"development"}
{"timestamp":"2026-04-15 18:18:06","level":"info","message":"Found 1 active tokens for user 69ab6710f3c2a4172e14a6f0","service":"djtrip-api","environment":"development"}
{"timestamp":"2026-04-15 18:20:21","level":"info","message":"Adding FCM token for user 69dd0c90823fddb0e56300d1, device android_BE2A.250530.026.D1_1776101136285","service":"djtrip-api","environment":"development"}
{"timestamp":"2026-04-15 18:20:21","level":"info","message":"Updated existing FCM token for user 69dd0c90823fddb0e56300d1, device android_BE2A.250530.026.D1_1776101136285","service":"djtrip-api","environment":"development"}
{"timestamp":"2026-04-15 18:21:06","level":"info","message":"Found 1 active tokens for user 69ab6710f3c2a4172e14a6f0","service":"djtrip-api","environment":"development"}
{"timestamp":"2026-04-15 18:21:07","level":"info","message":"Found 1 active tokens for user 69ab6710f3c2a4172e14a6f0","service":"djtrip-api","environment":"development"}
{"timestamp":"2026-04-15 18:24:45","level":"info","message":"Adding FCM token for user 69dd0c90823fddb0e56300d1, device android_BE2A.250530.026.D1_1776101136285","service":"djtrip-api","environment":"development"}
{"timestamp":"2026-04-15 18:24:46","level":"info","message":"Updated existing FCM token for user 69dd0c90823fddb0e56300d1, device android_BE2A.250530.026.D1_1776101136285","service":"djtrip-api","environment":"development"}
{"timestamp":"2026-04-15 18:25:41","level":"info","message":"Found 1 active tokens for user 69ab6710f3c2a4172e14a6f0","service":"djtrip-api","environment":"development"}
{"timestamp":"2026-04-15 18:25:42","level":"info","message":"Found 1 active tokens for user 69ab6710f3c2a4172e14a6f0","service":"djtrip-api","environment":"development"}
{"timestamp":"2026-04-15 18:37:52","level":"info","message":"Adding FCM token for user 69dd0c90823fddb0e56300d1, device android_BE2A.250530.026.D1_1776101136285","service":"djtrip-api","environment":"development"}
{"timestamp":"2026-04-15 18:37:52","level":"info","message":"Updated existing FCM token for user 69dd0c90823fddb0e56300d1, device android_BE2A.250530.026.D1_1776101136285","service":"djtrip-api","environment":"development"}
{"timestamp":"2026-04-15 18:39:03","level":"info","message":"Found 1 active tokens for user 69ab6710f3c2a4172e14a6f0","service":"djtrip-api","environment":"development"}
{"timestamp":"2026-04-15 18:39:04","level":"info","message":"Found 1 active tokens for user 69ab6710f3c2a4172e14a6f0","service":"djtrip-api","environment":"development"}
{"timestamp":"2026-04-15 18:51:09","level":"info","message":"Adding FCM token for user 69dd0c90823fddb0e56300d1, device android_BE2A.250530.026.D1_1776101136285","service":"djtrip-api","environment":"development"}
{"timestamp":"2026-04-15 18:51:09","level":"info","message":"Updated existing FCM token for user 69dd0c90823fddb0e56300d1, device android_BE2A.250530.026.D1_1776101136285","service":"djtrip-api","environment":"development"}
{"timestamp":"2026-04-15 18:52:44","level":"info","message":"Adding FCM token for user 69dd0c90823fddb0e56300d1, device android_BE2A.250530.026.D1_1776101136285","service":"djtrip-api","environment":"development"}
{"timestamp":"2026-04-15 18:52:44","level":"info","message":"Updated existing FCM token for user 69dd0c90823fddb0e56300d1, device android_BE2A.250530.026.D1_1776101136285","service":"djtrip-api","environment":"development"}
{"timestamp":"2026-04-15 18:54:05","level":"info","message":"Found 1 active tokens for user 69ab6710f3c2a4172e14a6f0","service":"djtrip-api","environment":"development"}
{"timestamp":"2026-04-15 18:54:06","level":"info","message":"Found 1 active tokens for user 69ab6710f3c2a4172e14a6f0","service":"djtrip-api","environment":"development"}
{"timestamp":"2026-04-16 09:33:41","level":"info","message":"Adding FCM token for user 69dd0c90823fddb0e56300d1, device android_BE2A.250530.026.D1_1776101136285","service":"djtrip-api","environment":"development"}
{"timestamp":"2026-04-16 09:33:41","level":"info","message":"Updated existing FCM token for user 69dd0c90823fddb0e56300d1, device android_BE2A.250530.026.D1_1776101136285","service":"djtrip-api","environment":"development"}
{"timestamp":"2026-04-16 09:38:55","level":"info","message":"Found 1 active tokens for user 69ab6710f3c2a4172e14a6f0","service":"djtrip-api","environment":"development"}
{"timestamp":"2026-04-16 09:38:56","level":"info","message":"Found 1 active tokens for user 69ab6710f3c2a4172e14a6f0","service":"djtrip-api","environment":"development"}
{"timestamp":"2026-04-16 09:40:52","level":"info","message":"Adding FCM token for user 69dd0c90823fddb0e56300d1, device android_BE2A.250530.026.D1_1776101136285","service":"djtrip-api","environment":"development"}
{"timestamp":"2026-04-16 09:40:52","level":"info","message":"Updated existing FCM token for user 69dd0c90823fddb0e56300d1, device android_BE2A.250530.026.D1_1776101136285","service":"djtrip-api","environment":"development"}
{"timestamp":"2026-04-16 09:41:23","level":"info","message":"Found 1 active tokens for user 69ab6710f3c2a4172e14a6f0","service":"djtrip-api","environment":"development"}
{"timestamp":"2026-04-16 09:41:23","level":"info","message":"Found 1 active tokens for user 69ab6710f3c2a4172e14a6f0","service":"djtrip-api","environment":"development"}
{"timestamp":"2026-04-16 09:43:33","level":"info","message":"Adding FCM token for user 69dd0c90823fddb0e56300d1, device android_BE2A.250530.026.D1_1776101136285","service":"djtrip-api","environment":"development"}
{"timestamp":"2026-04-16 09:43:34","level":"info","message":"Updated existing FCM token for user 69dd0c90823fddb0e56300d1, device android_BE2A.250530.026.D1_1776101136285","service":"djtrip-api","environment":"development"}
{"timestamp":"2026-04-16 09:44:07","level":"info","message":"Found 1 active tokens for user 69ab6710f3c2a4172e14a6f0","service":"djtrip-api","environment":"development"}
{"timestamp":"2026-04-16 09:44:08","level":"info","message":"Found 1 active tokens for user 69ab6710f3c2a4172e14a6f0","service":"djtrip-api","environment":"development"}
{"timestamp":"2026-04-16 09:46:49","level":"info","message":"Adding FCM token for user 69dd0c90823fddb0e56300d1, device android_BE2A.250530.026.D1_1776101136285","service":"djtrip-api","environment":"development"}
{"timestamp":"2026-04-16 09:46:49","level":"info","message":"Updated existing FCM token for user 69dd0c90823fddb0e56300d1, device android_BE2A.250530.026.D1_1776101136285","service":"djtrip-api","environment":"development"}
{"timestamp":"2026-04-16 09:50:37","level":"info","message":"Adding FCM token for user 69dd0c90823fddb0e56300d1, device android_BE2A.250530.026.D1_1776101136285","service":"djtrip-api","environment":"development"}
{"timestamp":"2026-04-16 09:50:37","level":"info","message":"Updated existing FCM token for user 69dd0c90823fddb0e56300d1, device android_BE2A.250530.026.D1_1776101136285","service":"djtrip-api","environment":"development"}
{"timestamp":"2026-04-16 09:56:00","level":"info","message":"Adding FCM token for user 69dd0c90823fddb0e56300d1, device android_BE2A.250530.026.D1_1776101136285","service":"djtrip-api","environment":"development"}
{"timestamp":"2026-04-16 09:56:00","level":"info","message":"Updated existing FCM token for user 69dd0c90823fddb0e56300d1, device android_BE2A.250530.026.D1_1776101136285","service":"djtrip-api","environment":"development"}
{"timestamp":"2026-04-16 10:03:39","level":"info","message":"Adding FCM token for user 69dd0c90823fddb0e56300d1, device android_BE2A.250530.026.D1_1776101136285","service":"djtrip-api","environment":"development"}
{"timestamp":"2026-04-16 10:03:40","level":"info","message":"Updated existing FCM token for user 69dd0c90823fddb0e56300d1, device android_BE2A.250530.026.D1_1776101136285","service":"djtrip-api","environment":"development"}
{"timestamp":"2026-04-16 10:07:13","level":"info","message":"Adding FCM token for user 69dd0c90823fddb0e56300d1, device android_BE2A.250530.026.D1_1776101136285","service":"djtrip-api","environment":"development"}
{"timestamp":"2026-04-16 10:07:13","level":"info","message":"Updated existing FCM token for user 69dd0c90823fddb0e56300d1, device android_BE2A.250530.026.D1_1776101136285","service":"djtrip-api","environment":"development"}
{"timestamp":"2026-04-16 10:14:04","level":"info","message":"Adding FCM token for user 69dd0c90823fddb0e56300d1, device android_BE2A.250530.026.D1_1776101136285","service":"djtrip-api","environment":"development"}
{"timestamp":"2026-04-16 10:14:04","level":"info","message":"Updated existing FCM token for user 69dd0c90823fddb0e56300d1, device android_BE2A.250530.026.D1_1776101136285","service":"djtrip-api","environment":"development"}
{"timestamp":"2026-04-16 10:21:38","level":"info","message":"Adding FCM token for user 69dd0c90823fddb0e56300d1, device android_BE2A.250530.026.D1_1776101136285","service":"djtrip-api","environment":"development"}
{"timestamp":"2026-04-16 10:21:38","level":"info","message":"Updated existing FCM token for user 69dd0c90823fddb0e56300d1, device android_BE2A.250530.026.D1_1776101136285","service":"djtrip-api","environment":"development"}
{"timestamp":"2026-04-16 10:28:46","level":"info","message":"Adding FCM token for user 69ab6710f3c2a4172e14a6f0, device android_BE2A.250530.026.D1_1776101136285","service":"djtrip-api","environment":"development"}
{"timestamp":"2026-04-16 10:28:46","level":"info","message":"Adding FCM token for user 69ab6710f3c2a4172e14a6f0, device android_BE2A.250530.026.D1_1776101136285","service":"djtrip-api","environment":"development"}
{"timestamp":"2026-04-16 10:28:46","level":"info","message":"Deactivated device android_BE2A.250530.026.D1_1776101136285 for 1 other users","service":"djtrip-api","environment":"development"}
{"timestamp":"2026-04-16 10:28:46","level":"info","message":"Added new FCM token for user 69ab6710f3c2a4172e14a6f0, device android_BE2A.250530.026.D1_1776101136285","service":"djtrip-api","environment":"development"}
{"timestamp":"2026-04-16 10:28:46","level":"info","message":"Added new FCM token for user 69ab6710f3c2a4172e14a6f0, device android_BE2A.250530.026.D1_1776101136285","service":"djtrip-api","environment":"development"}
{"timestamp":"2026-04-16 10:28:46","level":"error","message":"Error in addFcmToken: No matching document found for id \"69ab6710f3c2a4172e14a6f0\" version 27 modifiedPaths \"fcmTokens, onboarding_data\"","service":"djtrip-api","version":27,"modifiedPaths":["fcmTokens","onboarding_data"],"stack":"VersionError: No matching document found for id \"69ab6710f3c2a4172e14a6f0\" version 27 modifiedPaths \"fcmTokens, onboarding_data\"\n    at generateVersionError (C:\\Users\\ASUS\\Desktop\\DJTrip\\Back\\node_modules\\mongoose\\lib\\model.js:567:10)\n    at model.save (C:\\Users\\ASUS\\Desktop\\DJTrip\\Back\\node_modules\\mongoose\\lib\\model.js:628:28)\n    at FcmTokenService.addFcmToken (C:\\Users\\ASUS\\Desktop\\DJTrip\\Back\\services\\fcmTokenService.js:89:18)\n    at process.processTicksAndRejections (node:internal/process/task_queues:103:5)\n    at async exports.addFcmToken (C:\\Users\\ASUS\\Desktop\\DJTrip\\Back\\controllers\\user.js:1679:20)","environment":"development"}
{"timestamp":"2026-04-16 10:28:47","level":"info","message":"Found 2 active tokens for user 69ab6710f3c2a4172e14a6f0","service":"djtrip-api","environment":"development"}
{"timestamp":"2026-04-16 10:28:47","level":"info","message":"Adding FCM token for user 69ab6710f3c2a4172e14a6f0, device android_BE2A.250530.026.D1_1776101136285","service":"djtrip-api","environment":"development"}
{"timestamp":"2026-04-16 10:28:47","level":"info","message":"Updated existing FCM token for user 69ab6710f3c2a4172e14a6f0, device android_BE2A.250530.026.D1_1776101136285","service":"djtrip-api","environment":"development"}
{"timestamp":"2026-04-16 10:28:48","level":"info","message":"Found 2 active tokens for user 69ab6710f3c2a4172e14a6f0","service":"djtrip-api","environment":"development"}
{"timestamp":"2026-04-16 10:28:48","level":"info","message":"Adding FCM token for user 69ab6710f3c2a4172e14a6f0, device android_BE2A.250530.026.D1_1776101136285","service":"djtrip-api","environment":"development"}
{"timestamp":"2026-04-16 10:28:48","level":"info","message":"Updated existing FCM token for user 69ab6710f3c2a4172e14a6f0, device android_BE2A.250530.026.D1_1776101136285","service":"djtrip-api","environment":"development"}
{"timestamp":"2026-04-16 10:28:49","level":"info","message":"Found 2 active tokens for user 69ab6710f3c2a4172e14a6f0","service":"djtrip-api","environment":"development"}
{"timestamp":"2026-04-16 10:32:30","level":"info","message":"Found 0 active tokens for user 69dd0c90823fddb0e56300d1","service":"djtrip-api","environment":"development"}
{"timestamp":"2026-04-16 10:32:30","level":"info","message":"Found 2 active tokens for user 69ab6710f3c2a4172e14a6f0","service":"djtrip-api","environment":"development"}
{"timestamp":"2026-04-16 10:39:00","level":"info","message":"Adding FCM token for user 69dd0c90823fddb0e56300d1, device android_BE2A.250530.026.D1_1776101136285","service":"djtrip-api","environment":"development"}
{"timestamp":"2026-04-16 10:39:00","level":"info","message":"Deactivated device android_BE2A.250530.026.D1_1776101136285 for 1 other users","service":"djtrip-api","environment":"development"}
{"timestamp":"2026-04-16 10:39:00","level":"info","message":"Updated existing FCM token for user 69dd0c90823fddb0e56300d1, device android_BE2A.250530.026.D1_1776101136285","service":"djtrip-api","environment":"development"}
{"timestamp":"2026-04-16 10:39:57","level":"info","message":"Found 1 active tokens for user 69ab6710f3c2a4172e14a6f0","service":"djtrip-api","environment":"development"}
{"timestamp":"2026-04-16 10:39:58","level":"info","message":"Found 1 active tokens for user 69ab6710f3c2a4172e14a6f0","service":"djtrip-api","environment":"development"}
{"timestamp":"2026-04-16 10:40:56","level":"info","message":"Found 1 active tokens for user 69ab6710f3c2a4172e14a6f0","service":"djtrip-api","environment":"development"}
{"timestamp":"2026-04-16 10:47:18","level":"info","message":"Adding FCM token for user 69dd0c90823fddb0e56300d1, device android_BE2A.250530.026.D1_1776101136285","service":"djtrip-api","environment":"development"}
{"timestamp":"2026-04-16 10:47:18","level":"info","message":"Updated existing FCM token for user 69dd0c90823fddb0e56300d1, device android_BE2A.250530.026.D1_1776101136285","service":"djtrip-api","environment":"development"}
{"timestamp":"2026-04-16 11:04:03","level":"info","message":"Adding FCM token for user 69dd0c90823fddb0e56300d1, device android_BE2A.250530.026.D1_1776101136285","service":"djtrip-api","environment":"development"}
{"timestamp":"2026-04-16 11:04:03","level":"info","message":"Updated existing FCM token for user 69dd0c90823fddb0e56300d1, device android_BE2A.250530.026.D1_1776101136285","service":"djtrip-api","environment":"development"}
{"timestamp":"2026-04-16 11:21:06","level":"info","message":"Adding FCM token for user 69dd0c90823fddb0e56300d1, device android_BE2A.250530.026.D1_1776101136285","service":"djtrip-api","environment":"development"}
{"timestamp":"2026-04-16 11:21:07","level":"info","message":"Updated existing FCM token for user 69dd0c90823fddb0e56300d1, device android_BE2A.250530.026.D1_1776101136285","service":"djtrip-api","environment":"development"}
{"timestamp":"2026-04-16 11:36:44","level":"info","message":"Adding FCM token for user 69dd0c90823fddb0e56300d1, device android_BE2A.250530.026.D1_1776101136285","service":"djtrip-api","environment":"development"}
{"timestamp":"2026-04-16 11:36:44","level":"info","message":"Updated existing FCM token for user 69dd0c90823fddb0e56300d1, device android_BE2A.250530.026.D1_1776101136285","service":"djtrip-api","environment":"development"}
{"timestamp":"2026-04-16 11:44:45","level":"info","message":"Adding FCM token for user 69dd0c90823fddb0e56300d1, device android_BE2A.250530.026.D1_1776101136285","service":"djtrip-api","environment":"development"}
{"timestamp":"2026-04-16 11:44:45","level":"info","message":"Updated existing FCM token for user 69dd0c90823fddb0e56300d1, device android_BE2A.250530.026.D1_1776101136285","service":"djtrip-api","environment":"development"}
{"timestamp":"2026-04-16 11:47:01","level":"info","message":"Adding FCM token for user 69dd0c90823fddb0e56300d1, device android_BE2A.250530.026.D1_1776101136285","service":"djtrip-api","environment":"development"}
{"timestamp":"2026-04-16 11:47:02","level":"info","message":"Updated existing FCM token for user 69dd0c90823fddb0e56300d1, device android_BE2A.250530.026.D1_1776101136285","service":"djtrip-api","environment":"development"}
{"timestamp":"2026-04-16 11:49:03","level":"info","message":"Adding FCM token for user 69dd0c90823fddb0e56300d1, device android_BE2A.250530.026.D1_1776101136285","service":"djtrip-api","environment":"development"}
{"timestamp":"2026-04-16 11:49:03","level":"info","message":"Updated existing FCM token for user 69dd0c90823fddb0e56300d1, device android_BE2A.250530.026.D1_1776101136285","service":"djtrip-api","environment":"development"}
{"timestamp":"2026-04-16 11:51:23","level":"info","message":"Adding FCM token for user 69dd0c90823fddb0e56300d1, device android_BE2A.250530.026.D1_1776101136285","service":"djtrip-api","environment":"development"}
{"timestamp":"2026-04-16 11:51:23","level":"info","message":"Updated existing FCM token for user 69dd0c90823fddb0e56300d1, device android_BE2A.250530.026.D1_1776101136285","service":"djtrip-api","environment":"development"}
{"timestamp":"2026-04-16 11:52:15","level":"info","message":"Adding FCM token for user 69dd0c90823fddb0e56300d1, device android_BE2A.250530.026.D1_1776101136285","service":"djtrip-api","environment":"development"}
{"timestamp":"2026-04-16 11:52:18","level":"info","message":"Updated existing FCM token for user 69dd0c90823fddb0e56300d1, device android_BE2A.250530.026.D1_1776101136285","service":"djtrip-api","environment":"development"}
{"timestamp":"2026-04-16 11:52:28","level":"info","message":"Adding FCM token for user 69dd0c90823fddb0e56300d1, device android_BE2A.250530.026.D1_1776101136285","service":"djtrip-api","environment":"development"}
{"timestamp":"2026-04-16 11:52:34","level":"info","message":"Updated existing FCM token for user 69dd0c90823fddb0e56300d1, device android_BE2A.250530.026.D1_1776101136285","service":"djtrip-api","environment":"development"}
{"timestamp":"2026-04-16 11:57:44","level":"info","message":"Adding FCM token for user 69dd0c90823fddb0e56300d1, device android_BE2A.250530.026.D1_1776101136285","service":"djtrip-api","environment":"development"}
{"timestamp":"2026-04-16 11:57:45","level":"info","message":"Updated existing FCM token for user 69dd0c90823fddb0e56300d1, device android_BE2A.250530.026.D1_1776101136285","service":"djtrip-api","environment":"development"}
{"timestamp":"2026-04-16 11:59:39","level":"info","message":"Adding FCM token for user 69dd0c90823fddb0e56300d1, device android_BE2A.250530.026.D1_1776101136285","service":"djtrip-api","environment":"development"}
{"timestamp":"2026-04-16 11:59:41","level":"info","message":"Updated existing FCM token for user 69dd0c90823fddb0e56300d1, device android_BE2A.250530.026.D1_1776101136285","service":"djtrip-api","environment":"development"}
{"timestamp":"2026-04-16 12:02:16","level":"info","message":"Adding FCM token for user 69dd0c90823fddb0e56300d1, device android_BE2A.250530.026.D1_1776101136285","service":"djtrip-api","environment":"development"}
{"timestamp":"2026-04-16 12:02:16","level":"info","message":"Updated existing FCM token for user 69dd0c90823fddb0e56300d1, device android_BE2A.250530.026.D1_1776101136285","service":"djtrip-api","environment":"development"}
{"timestamp":"2026-04-16 12:02:58","level":"info","message":"Adding FCM token for user 69dd0c90823fddb0e56300d1, device android_BE2A.250530.026.D1_1776101136285","service":"djtrip-api","environment":"development"}
{"timestamp":"2026-04-16 12:02:58","level":"info","message":"Updated existing FCM token for user 69dd0c90823fddb0e56300d1, device android_BE2A.250530.026.D1_1776101136285","service":"djtrip-api","environment":"development"}
{"timestamp":"2026-04-16 12:08:11","level":"info","message":"Adding FCM token for user 69dd0c90823fddb0e56300d1, device android_BE2A.250530.026.D1_1776101136285","service":"djtrip-api","environment":"development"}
{"timestamp":"2026-04-16 12:08:11","level":"info","message":"Updated existing FCM token for user 69dd0c90823fddb0e56300d1, device android_BE2A.250530.026.D1_1776101136285","service":"djtrip-api","environment":"development"}
{"timestamp":"2026-04-16 12:10:34","level":"info","message":"Adding FCM token for user 69dd0c90823fddb0e56300d1, device android_BE2A.250530.026.D1_1776101136285","service":"djtrip-api","environment":"development"}
{"timestamp":"2026-04-16 12:10:35","level":"info","message":"Updated existing FCM token for user 69dd0c90823fddb0e56300d1, device android_BE2A.250530.026.D1_1776101136285","service":"djtrip-api","environment":"development"}
{"timestamp":"2026-04-16 12:18:20","level":"info","message":"Adding FCM token for user 69dd0c90823fddb0e56300d1, device android_BE2A.250530.026.D1_1776101136285","service":"djtrip-api","environment":"development"}
{"timestamp":"2026-04-16 12:18:21","level":"info","message":"Updated existing FCM token for user 69dd0c90823fddb0e56300d1, device android_BE2A.250530.026.D1_1776101136285","service":"djtrip-api","environment":"development"}
{"timestamp":"2026-04-16 12:20:54","level":"info","message":"Found 1 active tokens for user 69ab6710f3c2a4172e14a6f0","service":"djtrip-api","environment":"development"}
{"timestamp":"2026-04-16 12:20:55","level":"info","message":"Found 1 active tokens for user 69ab6710f3c2a4172e14a6f0","service":"djtrip-api","environment":"development"}
{"timestamp":"2026-04-16 12:35:56","level":"info","message":"Adding FCM token for user 69ab6710f3c2a4172e14a6f0, device android_BE2A.250530.026.D1_1776101136285","service":"djtrip-api","environment":"development"}
{"timestamp":"2026-04-16 12:35:56","level":"info","message":"Deactivated device android_BE2A.250530.026.D1_1776101136285 for 1 other users","service":"djtrip-api","environment":"development"}
{"timestamp":"2026-04-16 12:35:56","level":"info","message":"Updated existing FCM token for user 69ab6710f3c2a4172e14a6f0, device android_BE2A.250530.026.D1_1776101136285","service":"djtrip-api","environment":"development"}
{"timestamp":"2026-04-16 12:35:56","level":"info","message":"Found 2 active tokens for user 69ab6710f3c2a4172e14a6f0","service":"djtrip-api","environment":"development"}
{"timestamp":"2026-04-16 12:54:16","level":"info","message":"Adding FCM token for user 69ab6710f3c2a4172e14a6f0, device android_BE2A.250530.026.D1_1776101136285","service":"djtrip-api","environment":"development"}
{"timestamp":"2026-04-16 12:54:16","level":"info","message":"Updated existing FCM token for user 69ab6710f3c2a4172e14a6f0, device android_BE2A.250530.026.D1_1776101136285","service":"djtrip-api","environment":"development"}
{"timestamp":"2026-04-16 12:54:17","level":"info","message":"Found 2 active tokens for user 69ab6710f3c2a4172e14a6f0","service":"djtrip-api","environment":"development"}
{"timestamp":"2026-04-16 13:01:55","level":"info","message":"Adding FCM token for user 69ab6710f3c2a4172e14a6f0, device android_BE2A.250530.026.D1_1776101136285","service":"djtrip-api","environment":"development"}
{"timestamp":"2026-04-16 13:01:55","level":"info","message":"Updated existing FCM token for user 69ab6710f3c2a4172e14a6f0, device android_BE2A.250530.026.D1_1776101136285","service":"djtrip-api","environment":"development"}
{"timestamp":"2026-04-16 13:01:56","level":"info","message":"Found 2 active tokens for user 69ab6710f3c2a4172e14a6f0","service":"djtrip-api","environment":"development"}
{"timestamp":"2026-04-16 13:06:27","level":"info","message":"Adding FCM token for user 69ab6710f3c2a4172e14a6f0, device android_BE2A.250530.026.D1_1776101136285","service":"djtrip-api","environment":"development"}
{"timestamp":"2026-04-16 13:06:27","level":"info","message":"Updated existing FCM token for user 69ab6710f3c2a4172e14a6f0, device android_BE2A.250530.026.D1_1776101136285","service":"djtrip-api","environment":"development"}
{"timestamp":"2026-04-16 13:06:28","level":"info","message":"Found 2 active tokens for user 69ab6710f3c2a4172e14a6f0","service":"djtrip-api","environment":"development"}
{"timestamp":"2026-04-16 13:08:25","level":"info","message":"Adding FCM token for user 69ab6710f3c2a4172e14a6f0, device android_BE2A.250530.026.D1_1776101136285","service":"djtrip-api","environment":"development"}
{"timestamp":"2026-04-16 13:08:25","level":"info","message":"Updated existing FCM token for user 69ab6710f3c2a4172e14a6f0, device android_BE2A.250530.026.D1_1776101136285","service":"djtrip-api","environment":"development"}
{"timestamp":"2026-04-16 13:08:25","level":"info","message":"Found 2 active tokens for user 69ab6710f3c2a4172e14a6f0","service":"djtrip-api","environment":"development"}
{"timestamp":"2026-04-16 13:10:59","level":"info","message":"Adding FCM token for user 69dd0c90823fddb0e56300d1, device android_BE2A.250530.026.D1_1776101136285","service":"djtrip-api","environment":"development"}
{"timestamp":"2026-04-16 13:10:59","level":"info","message":"Adding FCM token for user 69dd0c90823fddb0e56300d1, device android_BE2A.250530.026.D1_1776101136285","service":"djtrip-api","environment":"development"}
{"timestamp":"2026-04-16 13:10:59","level":"info","message":"Deactivated device android_BE2A.250530.026.D1_1776101136285 for 1 other users","service":"djtrip-api","environment":"development"}
{"timestamp":"2026-04-16 13:10:59","level":"info","message":"Updated existing FCM token for user 69dd0c90823fddb0e56300d1, device android_BE2A.250530.026.D1_1776101136285","service":"djtrip-api","environment":"development"}
{"timestamp":"2026-04-16 13:10:59","level":"info","message":"Updated existing FCM token for user 69dd0c90823fddb0e56300d1, device android_BE2A.250530.026.D1_1776101136285","service":"djtrip-api","environment":"development"}
{"timestamp":"2026-04-16 13:10:59","level":"info","message":"Adding FCM token for user 69dd0c90823fddb0e56300d1, device android_BE2A.250530.026.D1_1776101136285","service":"djtrip-api","environment":"development"}
{"timestamp":"2026-04-16 13:10:59","level":"info","message":"Updated existing FCM token for user 69dd0c90823fddb0e56300d1, device android_BE2A.250530.026.D1_1776101136285","service":"djtrip-api","environment":"development"}
{"timestamp":"2026-04-16 13:11:19","level":"info","message":"Found 1 active tokens for user 69ab6710f3c2a4172e14a6f0","service":"djtrip-api","environment":"development"}
{"timestamp":"2026-04-16 13:11:20","level":"info","message":"Found 1 active tokens for user 69ab6710f3c2a4172e14a6f0","service":"djtrip-api","environment":"development"}
{"timestamp":"2026-04-16 13:14:56","level":"info","message":"Adding FCM token for user 69ab6710f3c2a4172e14a6f0, device android_BE2A.250530.026.D1_1776101136285","service":"djtrip-api","environment":"development"}
{"timestamp":"2026-04-16 13:14:56","level":"info","message":"Adding FCM token for user 69ab6710f3c2a4172e14a6f0, device android_BE2A.250530.026.D1_1776101136285","service":"djtrip-api","environment":"development"}
{"timestamp":"2026-04-16 13:14:56","level":"info","message":"Deactivated device android_BE2A.250530.026.D1_1776101136285 for 1 other users","service":"djtrip-api","environment":"development"}
{"timestamp":"2026-04-16 13:14:56","level":"info","message":"Updated existing FCM token for user 69ab6710f3c2a4172e14a6f0, device android_BE2A.250530.026.D1_1776101136285","service":"djtrip-api","environment":"development"}
{"timestamp":"2026-04-16 13:14:56","level":"info","message":"Updated existing FCM token for user 69ab6710f3c2a4172e14a6f0, device android_BE2A.250530.026.D1_1776101136285","service":"djtrip-api","environment":"development"}
{"timestamp":"2026-04-16 13:14:57","level":"info","message":"Found 2 active tokens for user 69ab6710f3c2a4172e14a6f0","service":"djtrip-api","environment":"development"}
{"timestamp":"2026-04-16 13:14:57","level":"info","message":"Found 2 active tokens for user 69ab6710f3c2a4172e14a6f0","service":"djtrip-api","environment":"development"}
{"timestamp":"2026-04-16 13:14:59","level":"info","message":"Adding FCM token for user 69ab6710f3c2a4172e14a6f0, device android_BE2A.250530.026.D1_1776101136285","service":"djtrip-api","environment":"development"}
{"timestamp":"2026-04-16 13:15:00","level":"info","message":"Updated existing FCM token for user 69ab6710f3c2a4172e14a6f0, device android_BE2A.250530.026.D1_1776101136285","service":"djtrip-api","environment":"development"}
{"timestamp":"2026-04-16 13:15:00","level":"info","message":"Found 2 active tokens for user 69ab6710f3c2a4172e14a6f0","service":"djtrip-api","environment":"development"}
{"timestamp":"2026-04-16 13:20:17","level":"info","message":"Adding FCM token for user 69ab6710f3c2a4172e14a6f0, device android_BE2A.250530.026.D1_1776101136285","service":"djtrip-api","environment":"development"}
{"timestamp":"2026-04-16 13:20:17","level":"info","message":"Updated existing FCM token for user 69ab6710f3c2a4172e14a6f0, device android_BE2A.250530.026.D1_1776101136285","service":"djtrip-api","environment":"development"}
{"timestamp":"2026-04-16 13:20:18","level":"info","message":"Found 2 active tokens for user 69ab6710f3c2a4172e14a6f0","service":"djtrip-api","environment":"development"}
{"timestamp":"2026-04-16 13:21:32","level":"info","message":"Adding FCM token for user 69ab6710f3c2a4172e14a6f0, device android_BE2A.250530.026.D1_1776101136285","service":"djtrip-api","environment":"development"}
{"timestamp":"2026-04-16 13:21:32","level":"info","message":"Updated existing FCM token for user 69ab6710f3c2a4172e14a6f0, device android_BE2A.250530.026.D1_1776101136285","service":"djtrip-api","environment":"development"}
{"timestamp":"2026-04-16 13:21:32","level":"info","message":"Found 2 active tokens for user 69ab6710f3c2a4172e14a6f0","service":"djtrip-api","environment":"development"}
{"timestamp":"2026-04-16 13:22:24","level":"info","message":"Adding FCM token for user 69ab6710f3c2a4172e14a6f0, device android_BE2A.250530.026.D1_1776101136285","service":"djtrip-api","environment":"development"}
{"timestamp":"2026-04-16 13:22:24","level":"info","message":"Updated existing FCM token for user 69ab6710f3c2a4172e14a6f0, device android_BE2A.250530.026.D1_1776101136285","service":"djtrip-api","environment":"development"}
{"timestamp":"2026-04-16 13:22:25","level":"info","message":"Found 2 active tokens for user 69ab6710f3c2a4172e14a6f0","service":"djtrip-api","environment":"development"}
{"timestamp":"2026-04-16 13:23:27","level":"info","message":"Adding FCM token for user 69ab6710f3c2a4172e14a6f0, device android_BE2A.250530.026.D1_1776101136285","service":"djtrip-api","environment":"development"}
{"timestamp":"2026-04-16 13:23:30","level":"info","message":"Updated existing FCM token for user 69ab6710f3c2a4172e14a6f0, device android_BE2A.250530.026.D1_1776101136285","service":"djtrip-api","environment":"development"}
{"timestamp":"2026-04-16 13:23:33","level":"info","message":"Found 2 active tokens for user 69ab6710f3c2a4172e14a6f0","service":"djtrip-api","environment":"development"}
{"timestamp":"2026-04-16 13:25:15","level":"info","message":"Adding FCM token for user 69ab6710f3c2a4172e14a6f0, device android_BE2A.250530.026.D1_1776101136285","service":"djtrip-api","environment":"development"}
{"timestamp":"2026-04-16 13:25:19","level":"info","message":"Updated existing FCM token for user 69ab6710f3c2a4172e14a6f0, device android_BE2A.250530.026.D1_1776101136285","service":"djtrip-api","environment":"development"}
{"timestamp":"2026-04-16 13:25:22","level":"info","message":"Found 2 active tokens for user 69ab6710f3c2a4172e14a6f0","service":"djtrip-api","environment":"development"}
{"timestamp":"2026-04-16 13:25:31","level":"info","message":"Adding FCM token for user 69ab6710f3c2a4172e14a6f0, device android_BE2A.250530.026.D1_1776101136285","service":"djtrip-api","environment":"development"}
{"timestamp":"2026-04-16 13:25:36","level":"info","message":"Updated existing FCM token for user 69ab6710f3c2a4172e14a6f0, device android_BE2A.250530.026.D1_1776101136285","service":"djtrip-api","environment":"development"}
{"timestamp":"2026-04-16 13:25:40","level":"info","message":"Adding FCM token for user 69ab6710f3c2a4172e14a6f0, device android_BE2A.250530.026.D1_1776101136285","service":"djtrip-api","environment":"development"}
{"timestamp":"2026-04-16 13:25:40","level":"info","message":"Found 2 active tokens for user 69ab6710f3c2a4172e14a6f0","service":"djtrip-api","environment":"development"}
{"timestamp":"2026-04-16 13:25:41","level":"info","message":"Updated existing FCM token for user 69ab6710f3c2a4172e14a6f0, device android_BE2A.250530.026.D1_1776101136285","service":"djtrip-api","environment":"development"}
{"timestamp":"2026-04-16 13:25:43","level":"info","message":"Found 2 active tokens for user 69ab6710f3c2a4172e14a6f0","service":"djtrip-api","environment":"development"}
{"timestamp":"2026-04-16 13:31:12","level":"info","message":"Adding FCM token for user 69ab6710f3c2a4172e14a6f0, device android_BE2A.250530.026.D1_1776101136285","service":"djtrip-api","environment":"development"}
{"timestamp":"2026-04-16 13:31:12","level":"info","message":"Updated existing FCM token for user 69ab6710f3c2a4172e14a6f0, device android_BE2A.250530.026.D1_1776101136285","service":"djtrip-api","environment":"development"}
{"timestamp":"2026-04-16 13:31:12","level":"info","message":"Found 2 active tokens for user 69ab6710f3c2a4172e14a6f0","service":"djtrip-api","environment":"development"}
{"timestamp":"2026-04-16 13:33:07","level":"info","message":"Adding FCM token for user 69ab6710f3c2a4172e14a6f0, device android_BE2A.250530.026.D1_1776101136285","service":"djtrip-api","environment":"development"}
{"timestamp":"2026-04-16 13:33:07","level":"info","message":"Updated existing FCM token for user 69ab6710f3c2a4172e14a6f0, device android_BE2A.250530.026.D1_1776101136285","service":"djtrip-api","environment":"development"}
{"timestamp":"2026-04-16 13:33:08","level":"info","message":"Found 2 active tokens for user 69ab6710f3c2a4172e14a6f0","service":"djtrip-api","environment":"development"}
{"timestamp":"2026-04-16 13:36:57","level":"info","message":"Adding FCM token for user 69ab6710f3c2a4172e14a6f0, device android_BE2A.250530.026.D1_1776101136285","service":"djtrip-api","environment":"development"}
{"timestamp":"2026-04-16 13:36:58","level":"info","message":"Updated existing FCM token for user 69ab6710f3c2a4172e14a6f0, device android_BE2A.250530.026.D1_1776101136285","service":"djtrip-api","environment":"development"}
{"timestamp":"2026-04-16 13:36:58","level":"info","message":"Found 2 active tokens for user 69ab6710f3c2a4172e14a6f0","service":"djtrip-api","environment":"development"}
{"timestamp":"2026-04-16 13:37:48","level":"info","message":"Adding FCM token for user 69ab6710f3c2a4172e14a6f0, device android_BE2A.250530.026.D1_1776101136285","service":"djtrip-api","environment":"development"}
{"timestamp":"2026-04-16 13:37:48","level":"info","message":"Updated existing FCM token for user 69ab6710f3c2a4172e14a6f0, device android_BE2A.250530.026.D1_1776101136285","service":"djtrip-api","environment":"development"}
{"timestamp":"2026-04-16 13:38:20","level":"info","message":"Adding FCM token for user 69ab6710f3c2a4172e14a6f0, device android_BE2A.250530.026.D1_1776101136285","service":"djtrip-api","environment":"development"}
{"timestamp":"2026-04-16 13:38:20","level":"info","message":"Updated existing FCM token for user 69ab6710f3c2a4172e14a6f0, device android_BE2A.250530.026.D1_1776101136285","service":"djtrip-api","environment":"development"}
{"timestamp":"2026-04-16 16:06:11","level":"info","message":"Adding FCM token for user 69ab6710f3c2a4172e14a6f0, device android_BE2A.250530.026.D1_1776101136285","service":"djtrip-api","environment":"development"}
{"timestamp":"2026-04-16 16:06:11","level":"info","message":"Updated existing FCM token for user 69ab6710f3c2a4172e14a6f0, device android_BE2A.250530.026.D1_1776101136285","service":"djtrip-api","environment":"development"}
{"timestamp":"2026-04-16 16:06:46","level":"info","message":"Adding FCM token for user 69ab6710f3c2a4172e14a6f0, device android_BE2A.250530.026.D1_1776101136285","service":"djtrip-api","environment":"development"}
{"timestamp":"2026-04-16 16:06:46","level":"info","message":"Updated existing FCM token for user 69ab6710f3c2a4172e14a6f0, device android_BE2A.250530.026.D1_1776101136285","service":"djtrip-api","environment":"development"}
{"timestamp":"2026-04-16 16:08:43","level":"info","message":"Adding FCM token for user 69ab6710f3c2a4172e14a6f0, device android_BE2A.250530.026.D1_1776101136285","service":"djtrip-api","environment":"development"}
{"timestamp":"2026-04-16 16:08:44","level":"info","message":"Updated existing FCM token for user 69ab6710f3c2a4172e14a6f0, device android_BE2A.250530.026.D1_1776101136285","service":"djtrip-api","environment":"development"}
{"timestamp":"2026-04-16 16:14:45","level":"info","message":"Adding FCM token for user 69ab6710f3c2a4172e14a6f0, device android_BE2A.250530.026.D1_1776101136285","service":"djtrip-api","environment":"development"}
{"timestamp":"2026-04-16 16:14:45","level":"info","message":"Updated existing FCM token for user 69ab6710f3c2a4172e14a6f0, device android_BE2A.250530.026.D1_1776101136285","service":"djtrip-api","environment":"development"}
{"timestamp":"2026-04-16 16:23:36","level":"info","message":"Adding FCM token for user 69ab6710f3c2a4172e14a6f0, device android_BE2A.250530.026.D1_1776101136285","service":"djtrip-api","environment":"development"}
{"timestamp":"2026-04-16 16:23:36","level":"info","message":"Updated existing FCM token for user 69ab6710f3c2a4172e14a6f0, device android_BE2A.250530.026.D1_1776101136285","service":"djtrip-api","environment":"development"}
{"timestamp":"2026-04-16 19:30:12","level":"info","message":"Adding FCM token for user 69ab6710f3c2a4172e14a6f0, device android_BE2A.250530.026.D1_1776101136285","service":"djtrip-api","environment":"development"}
{"timestamp":"2026-04-16 19:30:13","level":"info","message":"Updated existing FCM token for user 69ab6710f3c2a4172e14a6f0, device android_BE2A.250530.026.D1_1776101136285","service":"djtrip-api","environment":"development"}
{"timestamp":"2026-04-16 19:42:52","level":"info","message":"Adding FCM token for user 69ab6710f3c2a4172e14a6f0, device android_BE2A.250530.026.D1_1776101136285","service":"djtrip-api","environment":"development"}
{"timestamp":"2026-04-16 19:42:52","level":"info","message":"Updated existing FCM token for user 69ab6710f3c2a4172e14a6f0, device android_BE2A.250530.026.D1_1776101136285","service":"djtrip-api","environment":"development"}
{"timestamp":"2026-04-16 19:46:39","level":"info","message":"Adding FCM token for user 69ab6710f3c2a4172e14a6f0, device android_BE2A.250530.026.D1_1776101136285","service":"djtrip-api","environment":"development"}
{"timestamp":"2026-04-16 19:46:39","level":"info","message":"Updated existing FCM token for user 69ab6710f3c2a4172e14a6f0, device android_BE2A.250530.026.D1_1776101136285","service":"djtrip-api","environment":"development"}
{"timestamp":"2026-04-16 19:49:13","level":"info","message":"Adding FCM token for user 69ab6710f3c2a4172e14a6f0, device android_BE2A.250530.026.D1_1776101136285","service":"djtrip-api","environment":"development"}
{"timestamp":"2026-04-16 19:49:13","level":"info","message":"Updated existing FCM token for user 69ab6710f3c2a4172e14a6f0, device android_BE2A.250530.026.D1_1776101136285","service":"djtrip-api","environment":"development"}
{"timestamp":"2026-04-16 20:04:21","level":"info","message":"Adding FCM token for user 69ab6710f3c2a4172e14a6f0, device android_BE2A.250530.026.D1_1776101136285","service":"djtrip-api","environment":"development"}
{"timestamp":"2026-04-16 20:04:22","level":"info","message":"Updated existing FCM token for user 69ab6710f3c2a4172e14a6f0, device android_BE2A.250530.026.D1_1776101136285","service":"djtrip-api","environment":"development"}
{"timestamp":"2026-04-16 20:07:25","level":"info","message":"Adding FCM token for user 69ab6710f3c2a4172e14a6f0, device android_BE2A.250530.026.D1_1776101136285","service":"djtrip-api","environment":"development"}
{"timestamp":"2026-04-16 20:07:26","level":"info","message":"Updated existing FCM token for user 69ab6710f3c2a4172e14a6f0, device android_BE2A.250530.026.D1_1776101136285","service":"djtrip-api","environment":"development"}
{"timestamp":"2026-04-16 20:10:11","level":"info","message":"Adding FCM token for user 69ab6710f3c2a4172e14a6f0, device android_BE2A.250530.026.D1_1776101136285","service":"djtrip-api","environment":"development"}
{"timestamp":"2026-04-16 20:10:11","level":"info","message":"Updated existing FCM token for user 69ab6710f3c2a4172e14a6f0, device android_BE2A.250530.026.D1_1776101136285","service":"djtrip-api","environment":"development"}
{"timestamp":"2026-04-16 20:13:07","level":"info","message":"Adding FCM token for user 69ab6710f3c2a4172e14a6f0, device android_BE2A.250530.026.D1_1776101136285","service":"djtrip-api","environment":"development"}
{"timestamp":"2026-04-16 20:13:08","level":"info","message":"Updated existing FCM token for user 69ab6710f3c2a4172e14a6f0, device android_BE2A.250530.026.D1_1776101136285","service":"djtrip-api","environment":"development"}
{"timestamp":"2026-04-16 20:19:52","level":"info","message":"Adding FCM token for user 69ab6710f3c2a4172e14a6f0, device android_BE2A.250530.026.D1_1776101136285","service":"djtrip-api","environment":"development"}
{"timestamp":"2026-04-16 20:19:52","level":"info","message":"Updated existing FCM token for user 69ab6710f3c2a4172e14a6f0, device android_BE2A.250530.026.D1_1776101136285","service":"djtrip-api","environment":"development"}
{"timestamp":"2026-04-16 20:39:35","level":"info","message":"Adding FCM token for user 69ab6710f3c2a4172e14a6f0, device android_BE2A.250530.026.D1_1776101136285","service":"djtrip-api","environment":"development"}
{"timestamp":"2026-04-16 20:39:35","level":"info","message":"Updated existing FCM token for user 69ab6710f3c2a4172e14a6f0, device android_BE2A.250530.026.D1_1776101136285","service":"djtrip-api","environment":"development"}
{"timestamp":"2026-04-16 20:40:44","level":"info","message":"Adding FCM token for user 69ab6710f3c2a4172e14a6f0, device android_BE2A.250530.026.D1_1776101136285","service":"djtrip-api","environment":"development"}
{"timestamp":"2026-04-16 20:40:44","level":"info","message":"Updated existing FCM token for user 69ab6710f3c2a4172e14a6f0, device android_BE2A.250530.026.D1_1776101136285","service":"djtrip-api","environment":"development"}
{"timestamp":"2026-04-16 20:44:15","level":"info","message":"Adding FCM token for user 69ab6710f3c2a4172e14a6f0, device android_BE2A.250530.026.D1_1776101136285","service":"djtrip-api","environment":"development"}
{"timestamp":"2026-04-16 20:44:16","level":"info","message":"Updated existing FCM token for user 69ab6710f3c2a4172e14a6f0, device android_BE2A.250530.026.D1_1776101136285","service":"djtrip-api","environment":"development"}
{"timestamp":"2026-04-16 20:51:11","level":"info","message":"Adding FCM token for user 69ab6710f3c2a4172e14a6f0, device android_BE2A.250530.026.D1_1776101136285","service":"djtrip-api","environment":"development"}
{"timestamp":"2026-04-16 20:51:11","level":"info","message":"Updated existing FCM token for user 69ab6710f3c2a4172e14a6f0, device android_BE2A.250530.026.D1_1776101136285","service":"djtrip-api","environment":"development"}
{"timestamp":"2026-04-16 20:57:31","level":"info","message":"Adding FCM token for user 69ab6710f3c2a4172e14a6f0, device android_BE2A.250530.026.D1_1776101136285","service":"djtrip-api","environment":"development"}
